Determining if the pthread_create exist failed with the following output:
Change Dir: /home/kr/git/gazebo_practice/velodyne_plugin/build/CMakeFiles/CMakeTmp

Run Build Command:"/usr/bin/make" "cmTC_47ac5/fast"
/usr/bin/make -f CMakeFiles/cmTC_47ac5.dir/build.make CMakeFiles/cmTC_47ac5.dir/build
make[1]: ディレクトリ '/home/kr/git/gazebo_practice/velodyne_plugin/build/CMakeFiles/CMakeTmp' に入ります
Building C object CMakeFiles/cmTC_47ac5.dir/CheckSymbolExists.c.o
/usr/bin/cc    -o CMakeFiles/cmTC_47ac5.dir/CheckSymbolExists.c.o   -c /home/kr/git/gazebo_practice/velodyne_plugin/build/CMakeFiles/CMakeTmp/CheckSymbolExists.c
Linking C executable cmTC_47ac5
/usr/bin/cmake -E cmake_link_script CMakeFiles/cmTC_47ac5.dir/link.txt --verbose=1
/usr/bin/cc      -rdynamic CMakeFiles/cmTC_47ac5.dir/CheckSymbolExists.c.o  -o cmTC_47ac5 
CMakeFiles/cmTC_47ac5.dir/CheckSymbolExists.c.o: 関数 `main' 内:
CheckSymbolExists.c:(.text+0x1b): `pthread_create' に対する定義されていない参照です
collect2: error: ld returned 1 exit status
CMakeFiles/cmTC_47ac5.dir/build.make:97: recipe for target 'cmTC_47ac5' failed
make[1]: *** [cmTC_47ac5] Error 1
make[1]: ディレクトリ '/home/kr/git/gazebo_practice/velodyne_plugin/build/CMakeFiles/CMakeTmp' から出ます
Makefile:126: recipe for target 'cmTC_47ac5/fast' failed
make: *** [cmTC_47ac5/fast] Error 2

File /home/kr/git/gazebo_practice/velodyne_plugin/build/CMakeFiles/CMakeTmp/CheckSymbolExists.c:
/* */
#include <pthread.h>

int main(int argc, char** argv)
{
  (void)argv;
#ifndef pthread_create
  return ((int*)(&pthread_create))[argc];
#else
  (void)argc;
  return 0;
#endif
}

Determining if the function pthread_create exists in the pthreads failed with the following output:
Change Dir: /home/kr/git/gazebo_practice/velodyne_plugin/build/CMakeFiles/CMakeTmp

Run Build Command:"/usr/bin/make" "cmTC_57e80/fast"
/usr/bin/make -f CMakeFiles/cmTC_57e80.dir/build.make CMakeFiles/cmTC_57e80.dir/build
make[1]: ディレクトリ '/home/kr/git/gazebo_practice/velodyne_plugin/build/CMakeFiles/CMakeTmp' に入ります
Building C object CMakeFiles/cmTC_57e80.dir/CheckFunctionExists.c.o
/usr/bin/cc   -DCHECK_FUNCTION_EXISTS=pthread_create   -o CMakeFiles/cmTC_57e80.dir/CheckFunctionExists.c.o   -c /usr/share/cmake-3.10/Modules/CheckFunctionExists.c
Linking C executable cmTC_57e80
/usr/bin/cmake -E cmake_link_script CMakeFiles/cmTC_57e80.dir/link.txt --verbose=1
/usr/bin/cc  -DCHECK_FUNCTION_EXISTS=pthread_create    -rdynamic CMakeFiles/cmTC_57e80.dir/CheckFunctionExists.c.o  -o cmTC_57e80 -lpthreads 
/usr/bin/ld: -lpthreads が見つかりません
collect2: error: ld returned 1 exit status
CMakeFiles/cmTC_57e80.dir/build.make:97: recipe for target 'cmTC_57e80' failed
make[1]: *** [cmTC_57e80] Error 1
make[1]: ディレクトリ '/home/kr/git/gazebo_practice/velodyne_plugin/build/CMakeFiles/CMakeTmp' から出ます
Makefile:126: recipe for target 'cmTC_57e80/fast' failed
make: *** [cmTC_57e80/fast] Error 2


